2024-09-07T17:14:29.355Z - MulterError: Unexpected field
    at wrappedFileFilter (C:\Users\andre\Documents\CodeBrowerei\x\my-page-client-serverXXXmitOptimierterRegistrierungRecaptchaVonReactBrutForceMitDoppelversion-copy\server\node_modules\multer\index.js:40:19)
    at Multipart.<anonymous> (C:\Users\andre\Documents\CodeBrowerei\x\my-page-client-serverXXXmitOptimierterRegistrierungRecaptchaVonReactBrutForceMitDoppelversion-copy\server\node_modules\multer\lib\make-middleware.js:107:7)
    at Multipart.emit (node:events:518:28)
    at HeaderParser.cb (C:\Users\andre\Documents\CodeBrowerei\x\my-page-client-serverXXXmitOptimierterRegistrierungRecaptchaVonReactBrutForceMitDoppelversion-copy\server\node_modules\busboy\lib\types\multipart.js:358:14)
    at HeaderParser.push (C:\Users\andre\Documents\CodeBrowerei\x\my-page-client-serverXXXmitOptimierterRegistrierungRecaptchaVonReactBrutForceMitDoppelversion-copy\server\node_modules\busboy\lib\types\multipart.js:162:20)
    at SBMH.ssCb [as _cb] (C:\Users\andre\Documents\CodeBrowerei\x\my-page-client-serverXXXmitOptimierterRegistrierungRecaptchaVonReactBrutForceMitDoppelversion-copy\server\node_modules\busboy\lib\types\multipart.js:394:37)
    at feed (C:\Users\andre\Documents\CodeBrowerei\x\my-page-client-serverXXXmitOptimierterRegistrierungRecaptchaVonReactBrutForceMitDoppelversion-copy\server\node_modules\streamsearch\lib\sbmh.js:219:14)
    at SBMH.push (C:\Users\andre\Documents\CodeBrowerei\x\my-page-client-serverXXXmitOptimierterRegistrierungRecaptchaVonReactBrutForceMitDoppelversion-copy\server\node_modules\streamsearch\lib\sbmh.js:104:16)
    at Multipart._write (C:\Users\andre\Documents\CodeBrowerei\x\my-page-client-serverXXXmitOptimierterRegistrierungRecaptchaVonReactBrutForceMitDoppelversion-copy\server\node_modules\busboy\lib\types\multipart.js:567:19)
    at writeOrBuffer (node:internal/streams/writable:564:12)
2024-09-07T17:15:26.580Z - MulterError: Unexpected field
    at wrappedFileFilter (C:\Users\andre\Documents\CodeBrowerei\x\my-page-client-serverXXXmitOptimierterRegistrierungRecaptchaVonReactBrutForceMitDoppelversion-copy\server\node_modules\multer\index.js:40:19)
    at Multipart.<anonymous> (C:\Users\andre\Documents\CodeBrowerei\x\my-page-client-serverXXXmitOptimierterRegistrierungRecaptchaVonReactBrutForceMitDoppelversion-copy\server\node_modules\multer\lib\make-middleware.js:107:7)
    at Multipart.emit (node:events:518:28)
    at HeaderParser.cb (C:\Users\andre\Documents\CodeBrowerei\x\my-page-client-serverXXXmitOptimierterRegistrierungRecaptchaVonReactBrutForceMitDoppelversion-copy\server\node_modules\busboy\lib\types\multipart.js:358:14)
    at HeaderParser.push (C:\Users\andre\Documents\CodeBrowerei\x\my-page-client-serverXXXmitOptimierterRegistrierungRecaptchaVonReactBrutForceMitDoppelversion-copy\server\node_modules\busboy\lib\types\multipart.js:162:20)
    at SBMH.ssCb [as _cb] (C:\Users\andre\Documents\CodeBrowerei\x\my-page-client-serverXXXmitOptimierterRegistrierungRecaptchaVonReactBrutForceMitDoppelversion-copy\server\node_modules\busboy\lib\types\multipart.js:394:37)
    at feed (C:\Users\andre\Documents\CodeBrowerei\x\my-page-client-serverXXXmitOptimierterRegistrierungRecaptchaVonReactBrutForceMitDoppelversion-copy\server\node_modules\streamsearch\lib\sbmh.js:219:14)
    at SBMH.push (C:\Users\andre\Documents\CodeBrowerei\x\my-page-client-serverXXXmitOptimierterRegistrierungRecaptchaVonReactBrutForceMitDoppelversion-copy\server\node_modules\streamsearch\lib\sbmh.js:104:16)
    at Multipart._write (C:\Users\andre\Documents\CodeBrowerei\x\my-page-client-serverXXXmitOptimierterRegistrierungRecaptchaVonReactBrutForceMitDoppelversion-copy\server\node_modules\busboy\lib\types\multipart.js:567:19)
    at writeOrBuffer (node:internal/streams/writable:564:12)
2024-09-07T18:13:10.741Z - MulterError: Unexpected field
    at wrappedFileFilter (C:\Users\andre\Documents\CodeBrowerei\x\my-page-client-serverXXXmitOptimierterRegistrierungRecaptchaVonReactBrutForceMitDoppelversion-copy\server\node_modules\multer\index.js:40:19)
    at Multipart.<anonymous> (C:\Users\andre\Documents\CodeBrowerei\x\my-page-client-serverXXXmitOptimierterRegistrierungRecaptchaVonReactBrutForceMitDoppelversion-copy\server\node_modules\multer\lib\make-middleware.js:107:7)
    at Multipart.emit (node:events:518:28)
    at HeaderParser.cb (C:\Users\andre\Documents\CodeBrowerei\x\my-page-client-serverXXXmitOptimierterRegistrierungRecaptchaVonReactBrutForceMitDoppelversion-copy\server\node_modules\busboy\lib\types\multipart.js:358:14)
    at HeaderParser.push (C:\Users\andre\Documents\CodeBrowerei\x\my-page-client-serverXXXmitOptimierterRegistrierungRecaptchaVonReactBrutForceMitDoppelversion-copy\server\node_modules\busboy\lib\types\multipart.js:162:20)
    at SBMH.ssCb [as _cb] (C:\Users\andre\Documents\CodeBrowerei\x\my-page-client-serverXXXmitOptimierterRegistrierungRecaptchaVonReactBrutForceMitDoppelversion-copy\server\node_modules\busboy\lib\types\multipart.js:394:37)
    at feed (C:\Users\andre\Documents\CodeBrowerei\x\my-page-client-serverXXXmitOptimierterRegistrierungRecaptchaVonReactBrutForceMitDoppelversion-copy\server\node_modules\streamsearch\lib\sbmh.js:219:14)
    at SBMH.push (C:\Users\andre\Documents\CodeBrowerei\x\my-page-client-serverXXXmitOptimierterRegistrierungRecaptchaVonReactBrutForceMitDoppelversion-copy\server\node_modules\streamsearch\lib\sbmh.js:104:16)
    at Multipart._write (C:\Users\andre\Documents\CodeBrowerei\x\my-page-client-serverXXXmitOptimierterRegistrierungRecaptchaVonReactBrutForceMitDoppelversion-copy\server\node_modules\busboy\lib\types\multipart.js:567:19)
    at writeOrBuffer (node:internal/streams/writable:564:12)
2024-09-07T18:14:01.208Z - MulterError: Unexpected field
    at wrappedFileFilter (C:\Users\andre\Documents\CodeBrowerei\x\my-page-client-serverXXXmitOptimierterRegistrierungRecaptchaVonReactBrutForceMitDoppelversion-copy\server\node_modules\multer\index.js:40:19)
    at Multipart.<anonymous> (C:\Users\andre\Documents\CodeBrowerei\x\my-page-client-serverXXXmitOptimierterRegistrierungRecaptchaVonReactBrutForceMitDoppelversion-copy\server\node_modules\multer\lib\make-middleware.js:107:7)
    at Multipart.emit (node:events:518:28)
    at HeaderParser.cb (C:\Users\andre\Documents\CodeBrowerei\x\my-page-client-serverXXXmitOptimierterRegistrierungRecaptchaVonReactBrutForceMitDoppelversion-copy\server\node_modules\busboy\lib\types\multipart.js:358:14)
    at HeaderParser.push (C:\Users\andre\Documents\CodeBrowerei\x\my-page-client-serverXXXmitOptimierterRegistrierungRecaptchaVonReactBrutForceMitDoppelversion-copy\server\node_modules\busboy\lib\types\multipart.js:162:20)
    at SBMH.ssCb [as _cb] (C:\Users\andre\Documents\CodeBrowerei\x\my-page-client-serverXXXmitOptimierterRegistrierungRecaptchaVonReactBrutForceMitDoppelversion-copy\server\node_modules\busboy\lib\types\multipart.js:394:37)
    at feed (C:\Users\andre\Documents\CodeBrowerei\x\my-page-client-serverXXXmitOptimierterRegistrierungRecaptchaVonReactBrutForceMitDoppelversion-copy\server\node_modules\streamsearch\lib\sbmh.js:219:14)
    at SBMH.push (C:\Users\andre\Documents\CodeBrowerei\x\my-page-client-serverXXXmitOptimierterRegistrierungRecaptchaVonReactBrutForceMitDoppelversion-copy\server\node_modules\streamsearch\lib\sbmh.js:104:16)
    at Multipart._write (C:\Users\andre\Documents\CodeBrowerei\x\my-page-client-serverXXXmitOptimierterRegistrierungRecaptchaVonReactBrutForceMitDoppelversion-copy\server\node_modules\busboy\lib\types\multipart.js:567:19)
    at writeOrBuffer (node:internal/streams/writable:564:12)
2024-09-07T18:18:19.996Z - MulterError: Unexpected field
    at wrappedFileFilter (C:\Users\andre\Documents\CodeBrowerei\x\my-page-client-serverXXXmitOptimierterRegistrierungRecaptchaVonReactBrutForceMitDoppelversion-copy\server\node_modules\multer\index.js:40:19)
    at Multipart.<anonymous> (C:\Users\andre\Documents\CodeBrowerei\x\my-page-client-serverXXXmitOptimierterRegistrierungRecaptchaVonReactBrutForceMitDoppelversion-copy\server\node_modules\multer\lib\make-middleware.js:107:7)
    at Multipart.emit (node:events:518:28)
    at HeaderParser.cb (C:\Users\andre\Documents\CodeBrowerei\x\my-page-client-serverXXXmitOptimierterRegistrierungRecaptchaVonReactBrutForceMitDoppelversion-copy\server\node_modules\busboy\lib\types\multipart.js:358:14)
    at HeaderParser.push (C:\Users\andre\Documents\CodeBrowerei\x\my-page-client-serverXXXmitOptimierterRegistrierungRecaptchaVonReactBrutForceMitDoppelversion-copy\server\node_modules\busboy\lib\types\multipart.js:162:20)
    at SBMH.ssCb [as _cb] (C:\Users\andre\Documents\CodeBrowerei\x\my-page-client-serverXXXmitOptimierterRegistrierungRecaptchaVonReactBrutForceMitDoppelversion-copy\server\node_modules\busboy\lib\types\multipart.js:394:37)
    at feed (C:\Users\andre\Documents\CodeBrowerei\x\my-page-client-serverXXXmitOptimierterRegistrierungRecaptchaVonReactBrutForceMitDoppelversion-copy\server\node_modules\streamsearch\lib\sbmh.js:219:14)
    at SBMH.push (C:\Users\andre\Documents\CodeBrowerei\x\my-page-client-serverXXXmitOptimierterRegistrierungRecaptchaVonReactBrutForceMitDoppelversion-copy\server\node_modules\streamsearch\lib\sbmh.js:104:16)
    at Multipart._write (C:\Users\andre\Documents\CodeBrowerei\x\my-page-client-serverXXXmitOptimierterRegistrierungRecaptchaVonReactBrutForceMitDoppelversion-copy\server\node_modules\busboy\lib\types\multipart.js:567:19)
    at writeOrBuffer (node:internal/streams/writable:564:12)
2024-09-07T18:19:53.523Z - MulterError: Unexpected field
    at wrappedFileFilter (C:\Users\andre\Documents\CodeBrowerei\x\my-page-client-serverXXXmitOptimierterRegistrierungRecaptchaVonReactBrutForceMitDoppelversion-copy\server\node_modules\multer\index.js:40:19)
    at Multipart.<anonymous> (C:\Users\andre\Documents\CodeBrowerei\x\my-page-client-serverXXXmitOptimierterRegistrierungRecaptchaVonReactBrutForceMitDoppelversion-copy\server\node_modules\multer\lib\make-middleware.js:107:7)
    at Multipart.emit (node:events:518:28)
    at HeaderParser.cb (C:\Users\andre\Documents\CodeBrowerei\x\my-page-client-serverXXXmitOptimierterRegistrierungRecaptchaVonReactBrutForceMitDoppelversion-copy\server\node_modules\busboy\lib\types\multipart.js:358:14)
    at HeaderParser.push (C:\Users\andre\Documents\CodeBrowerei\x\my-page-client-serverXXXmitOptimierterRegistrierungRecaptchaVonReactBrutForceMitDoppelversion-copy\server\node_modules\busboy\lib\types\multipart.js:162:20)
    at SBMH.ssCb [as _cb] (C:\Users\andre\Documents\CodeBrowerei\x\my-page-client-serverXXXmitOptimierterRegistrierungRecaptchaVonReactBrutForceMitDoppelversion-copy\server\node_modules\busboy\lib\types\multipart.js:394:37)
    at feed (C:\Users\andre\Documents\CodeBrowerei\x\my-page-client-serverXXXmitOptimierterRegistrierungRecaptchaVonReactBrutForceMitDoppelversion-copy\server\node_modules\streamsearch\lib\sbmh.js:219:14)
    at SBMH.push (C:\Users\andre\Documents\CodeBrowerei\x\my-page-client-serverXXXmitOptimierterRegistrierungRecaptchaVonReactBrutForceMitDoppelversion-copy\server\node_modules\streamsearch\lib\sbmh.js:104:16)
    at Multipart._write (C:\Users\andre\Documents\CodeBrowerei\x\my-page-client-serverXXXmitOptimierterRegistrierungRecaptchaVonReactBrutForceMitDoppelversion-copy\server\node_modules\busboy\lib\types\multipart.js:567:19)
    at writeOrBuffer (node:internal/streams/writable:564:12)
2024-09-07T18:21:56.610Z - MulterError: Unexpected field
    at wrappedFileFilter (C:\Users\andre\Documents\CodeBrowerei\x\my-page-client-serverXXXmitOptimierterRegistrierungRecaptchaVonReactBrutForceMitDoppelversion-copy\server\node_modules\multer\index.js:40:19)
    at Multipart.<anonymous> (C:\Users\andre\Documents\CodeBrowerei\x\my-page-client-serverXXXmitOptimierterRegistrierungRecaptchaVonReactBrutForceMitDoppelversion-copy\server\node_modules\multer\lib\make-middleware.js:107:7)
    at Multipart.emit (node:events:518:28)
    at HeaderParser.cb (C:\Users\andre\Documents\CodeBrowerei\x\my-page-client-serverXXXmitOptimierterRegistrierungRecaptchaVonReactBrutForceMitDoppelversion-copy\server\node_modules\busboy\lib\types\multipart.js:358:14)
    at HeaderParser.push (C:\Users\andre\Documents\CodeBrowerei\x\my-page-client-serverXXXmitOptimierterRegistrierungRecaptchaVonReactBrutForceMitDoppelversion-copy\server\node_modules\busboy\lib\types\multipart.js:162:20)
    at SBMH.ssCb [as _cb] (C:\Users\andre\Documents\CodeBrowerei\x\my-page-client-serverXXXmitOptimierterRegistrierungRecaptchaVonReactBrutForceMitDoppelversion-copy\server\node_modules\busboy\lib\types\multipart.js:394:37)
    at feed (C:\Users\andre\Documents\CodeBrowerei\x\my-page-client-serverXXXmitOptimierterRegistrierungRecaptchaVonReactBrutForceMitDoppelversion-copy\server\node_modules\streamsearch\lib\sbmh.js:219:14)
    at SBMH.push (C:\Users\andre\Documents\CodeBrowerei\x\my-page-client-serverXXXmitOptimierterRegistrierungRecaptchaVonReactBrutForceMitDoppelversion-copy\server\node_modules\streamsearch\lib\sbmh.js:104:16)
    at Multipart._write (C:\Users\andre\Documents\CodeBrowerei\x\my-page-client-serverXXXmitOptimierterRegistrierungRecaptchaVonReactBrutForceMitDoppelversion-copy\server\node_modules\busboy\lib\types\multipart.js:567:19)
    at writeOrBuffer (node:internal/streams/writable:564:12)
2024-09-09T11:38:21.788Z - Failed to sync database: SequelizeForeignKeyConstraintError: Einfügen oder Aktualisieren in Tabelle »comments« verletzt Fremdschlüssel-Constraint »comments_post_id_fkey1«
2024-09-13T13:29:30.636Z - Failed to sync database: SequelizeDatabaseError: Shared Memory aufgebraucht
2024-09-13T13:36:55.828Z - Failed to sync database: SequelizeDatabaseError: Shared Memory aufgebraucht
2024-09-13T13:39:02.589Z - Failed to sync database: SequelizeDatabaseError: Shared Memory aufgebraucht
2024-09-13T13:48:12.809Z - Failed to sync database: SequelizeDatabaseError: Shared Memory aufgebraucht
2024-09-13T13:54:23.691Z - Failed to sync database: SequelizeDatabaseError: Shared Memory aufgebraucht
